<?xml version="1.0" encoding="UTF-8"?>
<testsuite xmlns:xsi="http://www.w3.org/2001/XMLSchema-instance" xsi:noNamespaceSchemaLocation="https://maven.apache.org/surefire/maven-surefire-plugin/xsd/surefire-test-report-3.0.xsd" version="3.0" name="deu.cse.lectureroomreservation.model.DaysOfWeekTest" time="0.058" tests="2" errors="0" skipped="0" failures="0">
  <properties>
    <property name="java.specification.version" value="21"/>
    <property name="sun.cpu.isalist" value="amd64"/>
    <property name="sun.jnu.encoding" value="MS949"/>
    <property name="java.class.path" value="C:\Users\00rya\OneDrive\ドキュメント\GitHub\Software-PROJECT_1\LectureRoomReservation\target\test-classes;C:\Users\00rya\OneDrive\ドキュメント\GitHub\Software-PROJECT_1\LectureRoomReservation\target\classes;C:\Users\00rya\.m2\repository\org\projectlombok\lombok\1.18.36\lombok-1.18.36.jar;C:\Users\00rya\.m2\repository\org\slf4j\slf4j-api\2.0.17\slf4j-api-2.0.17.jar;C:\Users\00rya\.m2\repository\org\yaml\snakeyaml\2.2\snakeyaml-2.2.jar;C:\Users\00rya\.m2\repository\ch\qos\logback\logback-classic\1.5.17\logback-classic-1.5.17.jar;C:\Users\00rya\.m2\repository\ch\qos\logback\logback-core\1.5.17\logback-core-1.5.17.jar;C:\Users\00rya\.m2\repository\org\junit\jupiter\junit-jupiter-engine\5.11.0-M1\junit-jupiter-engine-5.11.0-M1.jar;C:\Users\00rya\.m2\repository\org\junit\platform\junit-platform-engine\1.11.0-M1\junit-platform-engine-1.11.0-M1.jar;C:\Users\00rya\.m2\repository\org\opentest4j\opentest4j\1.3.0\opentest4j-1.3.0.jar;C:\Users\00rya\.m2\repository\org\junit\platform\junit-platform-commons\1.11.0-M1\junit-platform-commons-1.11.0-M1.jar;C:\Users\00rya\.m2\repository\org\junit\jupiter\junit-jupiter-api\5.11.0-M1\junit-jupiter-api-5.11.0-M1.jar;C:\Users\00rya\.m2\repository\org\apiguardian\apiguardian-api\1.1.2\apiguardian-api-1.1.2.jar;"/>
    <property name="java.vm.vendor" value="Azul Systems, Inc."/>
    <property name="sun.arch.data.model" value="64"/>
    <property name="user.variant" value=""/>
    <property name="java.vendor.url" value="http://www.azul.com/"/>
    <property name="user.timezone" value="Asia/Seoul"/>
    <property name="os.name" value="Windows 11"/>
    <property name="java.vm.specification.version" value="21"/>
    <property name="user.country" value="KR"/>
    <property name="sun.java.launcher" value="SUN_STANDARD"/>
    <property name="sun.boot.library.path" value="C:\Users\00rya\Downloads\zulu21.40.17-ca-jdk21.0.6-win_x64\bin"/>
    <property name="sun.java.command" value="C:\Users\00rya\AppData\Local\Temp\surefire7122345289734738996\surefirebooter-20250412191146991_3.jar C:\Users\00rya\AppData\Local\Temp\surefire7122345289734738996 2025-04-12T19-11-46_586-jvmRun1 surefire-20250412191146991_1tmp surefire_0-20250412191146991_2tmp"/>
    <property name="jdk.debug" value="release"/>
    <property name="surefire.test.class.path" value="C:\Users\00rya\OneDrive\ドキュメント\GitHub\Software-PROJECT_1\LectureRoomReservation\target\test-classes;C:\Users\00rya\OneDrive\ドキュメント\GitHub\Software-PROJECT_1\LectureRoomReservation\target\classes;C:\Users\00rya\.m2\repository\org\projectlombok\lombok\1.18.36\lombok-1.18.36.jar;C:\Users\00rya\.m2\repository\org\slf4j\slf4j-api\2.0.17\slf4j-api-2.0.17.jar;C:\Users\00rya\.m2\repository\org\yaml\snakeyaml\2.2\snakeyaml-2.2.jar;C:\Users\00rya\.m2\repository\ch\qos\logback\logback-classic\1.5.17\logback-classic-1.5.17.jar;C:\Users\00rya\.m2\repository\ch\qos\logback\logback-core\1.5.17\logback-core-1.5.17.jar;C:\Users\00rya\.m2\repository\org\junit\jupiter\junit-jupiter-engine\5.11.0-M1\junit-jupiter-engine-5.11.0-M1.jar;C:\Users\00rya\.m2\repository\org\junit\platform\junit-platform-engine\1.11.0-M1\junit-platform-engine-1.11.0-M1.jar;C:\Users\00rya\.m2\repository\org\opentest4j\opentest4j\1.3.0\opentest4j-1.3.0.jar;C:\Users\00rya\.m2\repository\org\junit\platform\junit-platform-commons\1.11.0-M1\junit-platform-commons-1.11.0-M1.jar;C:\Users\00rya\.m2\repository\org\junit\jupiter\junit-jupiter-api\5.11.0-M1\junit-jupiter-api-5.11.0-M1.jar;C:\Users\00rya\.m2\repository\org\apiguardian\apiguardian-api\1.1.2\apiguardian-api-1.1.2.jar;"/>
    <property name="sun.cpu.endian" value="little"/>
    <property name="user.home" value="C:\Users\00rya"/>
    <property name="user.language" value="ko"/>
    <property name="java.specification.vendor" value="Oracle Corporation"/>
    <property name="java.version.date" value="2025-01-21"/>
    <property name="java.home" value="C:\Users\00rya\Downloads\zulu21.40.17-ca-jdk21.0.6-win_x64"/>
    <property name="file.separator" value="\"/>
    <property name="basedir" value="C:\Users\00rya\OneDrive\ドキュメント\GitHub\Software-PROJECT_1\LectureRoomReservation"/>
    <property name="java.vm.compressedOopsMode" value="Zero based"/>
    <property name="line.separator" value="&#10;"/>
    <property name="java.vm.specification.vendor" value="Oracle Corporation"/>
    <property name="java.specification.name" value="Java Platform API Specification"/>
    <property name="surefire.real.class.path" value="C:\Users\00rya\AppData\Local\Temp\surefire7122345289734738996\surefirebooter-20250412191146991_3.jar"/>
    <property name="user.script" value=""/>
    <property name="sun.management.compiler" value="HotSpot 64-Bit Tiered Compilers"/>
    <property name="java.runtime.version" value="21.0.6+7-LTS"/>
    <property name="user.name" value="00rya"/>
    <property name="stdout.encoding" value="MS949"/>
    <property name="path.separator" value=";"/>
    <property name="os.version" value="10.0"/>
    <property name="java.runtime.name" value="OpenJDK Runtime Environment"/>
    <property name="file.encoding" value="UTF-8"/>
    <property name="java.vm.name" value="OpenJDK 64-Bit Server VM"/>
    <property name="java.vendor.version" value="Zulu21.40+17-CA"/>
    <property name="maven.ext.class.path" value="C:\Users\00rya\OneDrive\Desktop\netbeans25\java\maven-nblib\netbeans-eventspy.jar"/>
    <property name="localRepository" value="C:\Users\00rya\.m2\repository"/>
    <property name="java.vendor.url.bug" value="http://www.azul.com/support/"/>
    <property name="java.io.tmpdir" value="C:\Users\00rya\AppData\Local\Temp\"/>
    <property name="java.version" value="21.0.6"/>
    <property name="user.dir" value="C:\Users\00rya\OneDrive\ドキュメント\GitHub\Software-PROJECT_1\LectureRoomReservation"/>
    <property name="os.arch" value="amd64"/>
    <property name="java.vm.specification.name" value="Java Virtual Machine Specification"/>
    <property name="sun.os.patch.level" value=""/>
    <property name="native.encoding" value="MS949"/>
    <property name="java.library.path" value="C:\Users\00rya\Downloads\zulu21.40.17-ca-jdk21.0.6-win_x64\bin;C:\Windows\Sun\Java\bin;C:\Windows\system32;C:\Windows;C:\Windows\system32;C:\Windows;C:\Windows\System32\Wbem;C:\Windows\System32\WindowsPowerShell\v1.0\;C:\Windows\System32\OpenSSH\;C:\Users\00rya\AppData\Local\Microsoft\WindowsApps;C:\Users\00rya\AppData\Local\GitHubDesktop\bin;C:\Users\00rya\Downloads\zulu21.40.17-ca-jdk21.0.6-win_x64\bin;;."/>
    <property name="java.vm.info" value="mixed mode, sharing"/>
    <property name="stderr.encoding" value="MS949"/>
    <property name="java.vendor" value="Azul Systems, Inc."/>
    <property name="java.vm.version" value="21.0.6+7-LTS"/>
    <property name="sun.io.unicode.encoding" value="UnicodeLittle"/>
    <property name="java.class.version" value="65.0"/>
    <property name="argLine" value="--enable-preview"/>
  </properties>
  <testcase name="testIndex" classname="deu.cse.lectureroomreservation.model.DaysOfWeekTest" time="0.021">
    <system-out><![CDATA[test index()
]]></system-out>
  </testcase>
  <testcase name="testIndex2" classname="deu.cse.lectureroomreservation.model.DaysOfWeekTest" time="0.001">
    <system-out><![CDATA[test index() 2
]]></system-out>
  </testcase>
</testsuite>